2020-03-05 11:19:58,852 [INFO] Activator:176 - 


2020-03-05 11:19:58,864 [INFO] Activator:177 - !SESSION log4j initialized
2020-03-05 11:20:20,947 [INFO] ApplicationProperties:181 - Using Application install path: C:\ST\STM32CubeIDE_1.3.0\STM32CubeIDE\plugins\com.st.stm32cube.common.mx_5.6.0.202002181639
2020-03-05 11:20:21,004 [INFO] DbMcusXml:72 - Set database path to: C:\ST\STM32CubeIDE_1.3.0\STM32CubeIDE\plugins\com.st.stm32cube.common.mx_5.6.0.202002181639\\db\/mcu/
2020-03-05 11:20:21,019 [INFO] DbBoardsPdsc:54 - Set plugin database path to: C:\ST\STM32CubeIDE_1.3.0\STM32CubeIDE\plugins\com.st.stm32cube.common.mx_5.6.0.202002181639\\db\/plugins/boardmanager/
2020-03-05 11:20:21,022 [INFO] DbMcus:235 - Set plugin images path to: C:\ST\STM32CubeIDE_1.3.0\STM32CubeIDE\plugins\com.st.stm32cube.common.mx_5.6.0.202002181639\\db\/plugins/mcufinder/images/
2020-03-05 11:20:21,035 [INFO] DbBoards:232 - Set plugin images path to: C:\ST\STM32CubeIDE_1.3.0\STM32CubeIDE\plugins\com.st.stm32cube.common.mx_5.6.0.202002181639\\db\/plugins/mcufinder/images/
2020-03-05 11:20:21,069 [INFO] DbMcusAds:85 - Set database path to: C:\Users\Brandon\.stmcufinder\plugins\mcufinder//mcu/
2020-03-05 11:20:21,071 [INFO] DbMcusDocs:108 - Set database path to: C:\Users\Brandon\.stmcufinder\plugins\mcufinder//mcu/
2020-03-05 11:20:21,081 [INFO] DbMcusJson:61 - Set database path to: C:\Users\Brandon\.stmcufinder\plugins\mcufinder//mcu/
2020-03-05 11:20:21,083 [INFO] DbBoardsDocs:97 - Set database path to: C:\Users\Brandon\.stmcufinder\plugins\mcufinder//mcu/
2020-03-05 11:20:21,086 [INFO] DbBoardsJson:51 - Set database path to: C:\Users\Brandon\.stmcufinder\plugins\mcufinder//mcu/
2020-03-05 11:20:21,212 [INFO] CrossReferenceDbSqlite:197 - Set database path to: C:\Users\Brandon\.stmcufinder\plugins\mcufinder//mcu/cs/
2020-03-05 11:20:21,563 [INFO] RulesReader:52 - Compatibility file has been processed (208 Rules)
2020-03-05 11:20:22,037 [INFO] MicroXplorer:570 - Detected Java Version = 1.8.0_242
2020-03-05 11:20:22,039 [INFO] DbMcusXml:72 - Set database path to: C:\ST\STM32CubeIDE_1.3.0\STM32CubeIDE\plugins\com.st.stm32cube.common.mx_5.6.0.202002181639\\db\/mcu/
2020-03-05 11:20:22,039 [INFO] DbBoardsPdsc:54 - Set plugin database path to: C:\ST\STM32CubeIDE_1.3.0\STM32CubeIDE\plugins\com.st.stm32cube.common.mx_5.6.0.202002181639\\db\/plugins/boardmanager/
2020-03-05 11:20:22,040 [INFO] DbMcus:235 - Set plugin images path to: C:\ST\STM32CubeIDE_1.3.0\STM32CubeIDE\plugins\com.st.stm32cube.common.mx_5.6.0.202002181639\\db\/plugins/mcufinder/images/
2020-03-05 11:20:22,043 [INFO] DbBoards:232 - Set plugin images path to: C:\ST\STM32CubeIDE_1.3.0\STM32CubeIDE\plugins\com.st.stm32cube.common.mx_5.6.0.202002181639\\db\/plugins/mcufinder/images/
2020-03-05 11:20:22,045 [WARN] DbFile:36 - Overriding database path with different value: C:\Users\Brandon\.stmcufinder\plugins\mcufinder/ => C:\Users\Brandon\.stmcufinder\plugins\mcufinder
2020-03-05 11:20:22,045 [INFO] DbMcusAds:85 - Set database path to: C:\Users\Brandon\.stmcufinder\plugins\mcufinder//mcu/
2020-03-05 11:20:22,046 [WARN] DbFile:36 - Overriding database path with different value: C:\Users\Brandon\.stmcufinder\plugins\mcufinder/ => C:\Users\Brandon\.stmcufinder\plugins\mcufinder
2020-03-05 11:20:22,048 [INFO] DbMcusDocs:108 - Set database path to: C:\Users\Brandon\.stmcufinder\plugins\mcufinder//mcu/
2020-03-05 11:20:22,048 [WARN] DbFile:36 - Overriding database path with different value: C:\Users\Brandon\.stmcufinder\plugins\mcufinder/ => C:\Users\Brandon\.stmcufinder\plugins\mcufinder
2020-03-05 11:20:22,049 [INFO] DbMcusJson:61 - Set database path to: C:\Users\Brandon\.stmcufinder\plugins\mcufinder//mcu/
2020-03-05 11:20:22,050 [WARN] DbFile:36 - Overriding database path with different value: C:\Users\Brandon\.stmcufinder\plugins\mcufinder/ => C:\Users\Brandon\.stmcufinder\plugins\mcufinder
2020-03-05 11:20:22,050 [INFO] DbBoardsDocs:97 - Set database path to: C:\Users\Brandon\.stmcufinder\plugins\mcufinder//mcu/
2020-03-05 11:20:22,051 [WARN] DbFile:36 - Overriding database path with different value: C:\Users\Brandon\.stmcufinder\plugins\mcufinder/ => C:\Users\Brandon\.stmcufinder\plugins\mcufinder
2020-03-05 11:20:22,052 [INFO] DbBoardsJson:51 - Set database path to: C:\Users\Brandon\.stmcufinder\plugins\mcufinder//mcu/
2020-03-05 11:20:22,052 [WARN] DbFile:36 - Overriding database path with different value: C:\Users\Brandon\.stmcufinder\plugins\mcufinder/ => C:\Users\Brandon\.stmcufinder\plugins\mcufinder
2020-03-05 11:20:22,053 [WARN] DbFile:36 - Overriding database path with different value: C:\Users\Brandon\.stmcufinder\plugins\mcufinder/ => C:\Users\Brandon\.stmcufinder\plugins\mcufinder
2020-03-05 11:20:22,054 [INFO] CrossReferenceDbSqlite:197 - Set database path to: C:\Users\Brandon\.stmcufinder\plugins\mcufinder//mcu/cs/
2020-03-05 11:20:22,328 [INFO] MainPanel:181 - HeapMemory: 295698432
2020-03-05 11:20:22,780 [INFO] DbMcusXml:72 - Set database path to: C:\ST\STM32CubeIDE_1.3.0\STM32CubeIDE\plugins\com.st.stm32cube.common.mx_5.6.0.202002181639\\db\/mcu/
2020-03-05 11:20:22,785 [INFO] DbBoardsPdsc:54 - Set plugin database path to: C:\ST\STM32CubeIDE_1.3.0\STM32CubeIDE\plugins\com.st.stm32cube.common.mx_5.6.0.202002181639\\db\/plugins/boardmanager/
2020-03-05 11:20:22,788 [INFO] DbMcus:235 - Set plugin images path to: C:\ST\STM32CubeIDE_1.3.0\STM32CubeIDE\plugins\com.st.stm32cube.common.mx_5.6.0.202002181639\\db\/plugins/mcufinder/images/
2020-03-05 11:20:22,793 [INFO] DbBoards:232 - Set plugin images path to: C:\ST\STM32CubeIDE_1.3.0\STM32CubeIDE\plugins\com.st.stm32cube.common.mx_5.6.0.202002181639\\db\/plugins/mcufinder/images/
2020-03-05 11:20:22,795 [WARN] DbFile:36 - Overriding database path with different value: C:\Users\Brandon\.stmcufinder\plugins\mcufinder/ => C:\Users\Brandon\.stmcufinder\plugins\mcufinder
2020-03-05 11:20:22,799 [INFO] DbMcusAds:85 - Set database path to: C:\Users\Brandon\.stmcufinder\plugins\mcufinder//mcu/
2020-03-05 11:20:22,800 [WARN] DbFile:36 - Overriding database path with different value: C:\Users\Brandon\.stmcufinder\plugins\mcufinder/ => C:\Users\Brandon\.stmcufinder\plugins\mcufinder
2020-03-05 11:20:22,800 [INFO] DbMcusDocs:108 - Set database path to: C:\Users\Brandon\.stmcufinder\plugins\mcufinder//mcu/
2020-03-05 11:20:22,801 [WARN] DbFile:36 - Overriding database path with different value: C:\Users\Brandon\.stmcufinder\plugins\mcufinder/ => C:\Users\Brandon\.stmcufinder\plugins\mcufinder
2020-03-05 11:20:22,802 [INFO] DbMcusJson:61 - Set database path to: C:\Users\Brandon\.stmcufinder\plugins\mcufinder//mcu/
2020-03-05 11:20:22,804 [WARN] DbFile:36 - Overriding database path with different value: C:\Users\Brandon\.stmcufinder\plugins\mcufinder/ => C:\Users\Brandon\.stmcufinder\plugins\mcufinder
2020-03-05 11:20:22,805 [INFO] DbBoardsDocs:97 - Set database path to: C:\Users\Brandon\.stmcufinder\plugins\mcufinder//mcu/
2020-03-05 11:20:22,805 [WARN] DbFile:36 - Overriding database path with different value: C:\Users\Brandon\.stmcufinder\plugins\mcufinder/ => C:\Users\Brandon\.stmcufinder\plugins\mcufinder
2020-03-05 11:20:22,806 [INFO] DbBoardsJson:51 - Set database path to: C:\Users\Brandon\.stmcufinder\plugins\mcufinder//mcu/
2020-03-05 11:20:22,806 [WARN] DbFile:36 - Overriding database path with different value: C:\Users\Brandon\.stmcufinder\plugins\mcufinder/ => C:\Users\Brandon\.stmcufinder\plugins\mcufinder
2020-03-05 11:20:22,807 [WARN] DbFile:36 - Overriding database path with different value: C:\Users\Brandon\.stmcufinder\plugins\mcufinder/ => C:\Users\Brandon\.stmcufinder\plugins\mcufinder
2020-03-05 11:20:22,808 [INFO] CrossReferenceDbSqlite:197 - Set database path to: C:\Users\Brandon\.stmcufinder\plugins\mcufinder//mcu/cs/
2020-03-05 11:20:23,096 [INFO] ApplicationProperties:181 - Using Application install path: C:\ST\STM32CubeIDE_1.3.0\STM32CubeIDE\plugins\com.st.stm32cube.common.mx_5.6.0.202002181639
2020-03-05 11:20:23,101 [INFO] PluginManage:178 - Search for loadable plugins [exclusion list=, tutovideos]
2020-03-05 11:20:23,106 [INFO] PluginManage:292 - Check plugin analytics
2020-03-05 11:20:23,409 [INFO] PluginManage:342 - Loaded plugin analytics (category:tool,tabindex:-1)
2020-03-05 11:20:23,454 [INFO] PluginManage:292 - Check plugin clock
2020-03-05 11:20:23,533 [INFO] PluginManage:342 - Loaded plugin clock (category:base,tabindex:2)
2020-03-05 11:20:23,534 [INFO] PluginManage:292 - Check plugin ddr
2020-03-05 11:20:23,546 [INFO] PluginManage:342 - Loaded plugin ddr (category:tool,tabindex:6)
2020-03-05 11:20:23,547 [INFO] PluginManage:292 - Check plugin filemanager
2020-03-05 11:20:24,796 [INFO] PluginManage:342 - Loaded plugin filemanager (category:base,tabindex:10)
2020-03-05 11:20:24,797 [INFO] PluginManage:292 - Check plugin ipmanager
2020-03-05 11:20:24,843 [INFO] PluginManage:342 - Loaded plugin ipmanager (category:base,tabindex:5)
2020-03-05 11:20:24,845 [INFO] PluginManage:292 - Check plugin pinoutandconfiguration
2020-03-05 11:20:24,954 [INFO] PluginManage:342 - Loaded plugin pinoutandconfiguration (category:base,tabindex:1)
2020-03-05 11:20:24,955 [INFO] PluginManage:292 - Check plugin pinoutconfig
2020-03-05 11:20:25,107 [INFO] PluginManage:342 - Loaded plugin pinoutconfig (category:base,tabindex:0)
2020-03-05 11:20:25,109 [INFO] PluginManage:292 - Check plugin power
2020-03-05 11:20:25,206 [INFO] PluginManage:342 - Loaded plugin power (category:power,tabindex:4)
2020-03-05 11:20:25,208 [INFO] PluginManage:292 - Check plugin projectmanager
2020-03-05 11:20:25,703 [INFO] PluginManage:342 - Loaded plugin projectmanager (category:projectmanager,tabindex:3)
2020-03-05 11:20:25,704 [INFO] PluginManage:292 - Check plugin thirdparty
2020-03-05 11:20:25,929 [INFO] ThirdPartyDb:295 - Open Third Party DataBase File (C:/Users/Brandon/.stm32cubemx/plugins/thirdparty/db/thirdparties_db.xml) : 62 ms. number of Sw pack : 11
2020-03-05 11:20:26,091 [INFO] PluginManage:342 - Loaded plugin thirdparty (category:base,tabindex:-1)
2020-03-05 11:20:26,092 [INFO] PluginManage:292 - Check plugin tools
2020-03-05 11:20:26,162 [INFO] PluginManage:342 - Loaded plugin tools (category:base,tabindex:7)
2020-03-05 11:20:26,164 [INFO] PluginManage:292 - Check plugin tutovideos
2020-03-05 11:20:26,344 [INFO] PluginManage:347 - Ignore plugin tutovideos (category:base)
2020-03-05 11:20:26,345 [INFO] PluginManage:292 - Check plugin updater
2020-03-05 11:20:26,420 [INFO] PluginManage:342 - Loaded plugin updater (category:base,tabindex:12)
2020-03-05 11:20:26,421 [INFO] PluginManage:265 - PluginManage : Loaded plugins [12]
2020-03-05 11:20:27,775 [INFO] PinOutPanel:1420 - setPackage(No Configuration,No Configuration)
2020-03-05 11:20:28,999 [INFO] IPUIPlugin:65 - create IPUIPlugin
2020-03-05 11:20:29,003 [INFO] PluginManager:200 - loadIPPluginJar : add adc
2020-03-05 11:20:29,106 [INFO] IPUIPlugin:65 - create IPUIPlugin
2020-03-05 11:20:29,107 [INFO] PluginManager:200 - loadIPPluginJar : add aes
2020-03-05 11:20:29,229 [INFO] IPUIPlugin:65 - create IPUIPlugin
2020-03-05 11:20:29,230 [INFO] PluginManager:200 - loadIPPluginJar : add can
2020-03-05 11:20:29,309 [INFO] IPUIPlugin:65 - create IPUIPlugin
2020-03-05 11:20:29,311 [INFO] PluginManager:200 - loadIPPluginJar : add comp
2020-03-05 11:20:29,384 [INFO] IPUIPlugin:65 - create IPUIPlugin
2020-03-05 11:20:29,388 [INFO] PluginManager:200 - loadIPPluginJar : add cryp
2020-03-05 11:20:29,402 [INFO] IPUIPlugin:65 - create IPUIPlugin
2020-03-05 11:20:29,403 [INFO] PluginManager:200 - loadIPPluginJar : add dfsdm
2020-03-05 11:20:29,442 [INFO] IPUIPlugin:65 - create IPUIPlugin
2020-03-05 11:20:29,444 [INFO] PluginManager:200 - loadIPPluginJar : add dma
2020-03-05 11:20:29,491 [INFO] IPUIPlugin:65 - create IPUIPlugin
2020-03-05 11:20:29,492 [INFO] PluginManager:200 - loadIPPluginJar : add fatfs
2020-03-05 11:20:29,679 [INFO] IPUIPlugin:65 - create IPUIPlugin
2020-03-05 11:20:29,681 [INFO] PluginManager:200 - loadIPPluginJar : add fmc
2020-03-05 11:20:29,716 [INFO] IPUIPlugin:65 - create IPUIPlugin
2020-03-05 11:20:29,718 [INFO] PluginManager:200 - loadIPPluginJar : add freertos
2020-03-05 11:20:29,726 [INFO] IPUIPlugin:65 - create IPUIPlugin
2020-03-05 11:20:29,730 [INFO] PluginManager:200 - loadIPPluginJar : add genericplugin
2020-03-05 11:20:29,936 [INFO] IPUIPlugin:65 - create IPUIPlugin
2020-03-05 11:20:29,938 [INFO] PluginManager:200 - loadIPPluginJar : add gfxmmu
2020-03-05 11:20:30,512 [INFO] IPUIPlugin:65 - create IPUIPlugin
2020-03-05 11:20:30,513 [INFO] PluginManager:200 - loadIPPluginJar : add gic
2020-03-05 11:20:30,569 [INFO] IPUIPlugin:65 - create IPUIPlugin
2020-03-05 11:20:30,570 [INFO] PluginManager:200 - loadIPPluginJar : add gpio
2020-03-05 11:20:30,833 [INFO] IPUIPlugin:65 - create IPUIPlugin
2020-03-05 11:20:30,835 [INFO] PluginManager:200 - loadIPPluginJar : add gtzc
2020-03-05 11:20:30,852 [INFO] IPUIPlugin:65 - create IPUIPlugin
2020-03-05 11:20:30,853 [INFO] PluginManager:200 - loadIPPluginJar : add hash
2020-03-05 11:20:31,062 [INFO] IPUIPlugin:65 - create IPUIPlugin
2020-03-05 11:20:31,063 [INFO] PluginManager:200 - loadIPPluginJar : add i2c
2020-03-05 11:20:31,158 [INFO] IPUIPlugin:65 - create IPUIPlugin
2020-03-05 11:20:31,159 [INFO] PluginManager:200 - loadIPPluginJar : add i2s
2020-03-05 11:20:31,549 [INFO] IPUIPlugin:65 - create IPUIPlugin
2020-03-05 11:20:31,550 [INFO] PluginManager:200 - loadIPPluginJar : add ipddr
2020-03-05 11:20:31,639 [INFO] IPUIPlugin:65 - create IPUIPlugin
2020-03-05 11:20:31,640 [INFO] PluginManager:200 - loadIPPluginJar : add ltdc
2020-03-05 11:20:31,663 [INFO] IPUIPlugin:65 - create IPUIPlugin
2020-03-05 11:20:31,667 [INFO] PluginManager:200 - loadIPPluginJar : add mdma
2020-03-05 11:20:31,694 [INFO] IPUIPlugin:65 - create IPUIPlugin
2020-03-05 11:20:31,696 [INFO] PluginManager:200 - loadIPPluginJar : add nvic
2020-03-05 11:20:31,788 [INFO] IPUIPlugin:65 - create IPUIPlugin
2020-03-05 11:20:31,789 [INFO] PluginManager:200 - loadIPPluginJar : add opamp
2020-03-05 11:20:31,912 [INFO] IPUIPlugin:65 - create IPUIPlugin
2020-03-05 11:20:31,913 [INFO] PluginManager:200 - loadIPPluginJar : add pdm2pcm
2020-03-05 11:20:31,946 [INFO] IPUIPlugin:65 - create IPUIPlugin
2020-03-05 11:20:31,956 [INFO] PluginManager:200 - loadIPPluginJar : add plateformsettings
2020-03-05 11:20:32,009 [INFO] IPUIPlugin:65 - create IPUIPlugin
2020-03-05 11:20:32,014 [INFO] PluginManager:200 - loadIPPluginJar : add quadspi
2020-03-05 11:20:32,062 [INFO] IPUIPlugin:65 - create IPUIPlugin
2020-03-05 11:20:32,063 [INFO] PluginManager:200 - loadIPPluginJar : add resmgrutility
2020-03-05 11:20:32,190 [INFO] IPUIPlugin:65 - create IPUIPlugin
2020-03-05 11:20:32,191 [INFO] PluginManager:200 - loadIPPluginJar : add sai
2020-03-05 11:20:32,285 [INFO] IPUIPlugin:65 - create IPUIPlugin
2020-03-05 11:20:32,288 [INFO] PluginManager:200 - loadIPPluginJar : add spi
2020-03-05 11:20:32,414 [INFO] IPUIPlugin:65 - create IPUIPlugin
2020-03-05 11:20:32,416 [INFO] PluginManager:200 - loadIPPluginJar : add stm32_wpan
2020-03-05 11:20:32,481 [INFO] IPUIPlugin:65 - create IPUIPlugin
2020-03-05 11:20:32,482 [INFO] PluginManager:200 - loadIPPluginJar : add tim
2020-03-05 11:20:33,099 [INFO] IPUIPlugin:65 - create IPUIPlugin
2020-03-05 11:20:33,101 [INFO] PluginManager:200 - loadIPPluginJar : add touchsensing
2020-03-05 11:20:33,124 [INFO] IPUIPlugin:65 - create IPUIPlugin
2020-03-05 11:20:33,125 [INFO] PluginManager:200 - loadIPPluginJar : add tracer_emb
2020-03-05 11:20:33,288 [INFO] IPUIPlugin:65 - create IPUIPlugin
2020-03-05 11:20:33,289 [INFO] PluginManager:200 - loadIPPluginJar : add ts
2020-03-05 11:20:33,356 [INFO] IPUIPlugin:65 - create IPUIPlugin
2020-03-05 11:20:33,357 [INFO] PluginManager:200 - loadIPPluginJar : add tsc
2020-03-05 11:20:33,398 [INFO] IPUIPlugin:65 - create IPUIPlugin
2020-03-05 11:20:33,399 [INFO] PluginManager:200 - loadIPPluginJar : add ucpd
2020-03-05 11:20:33,511 [INFO] IPUIPlugin:65 - create IPUIPlugin
2020-03-05 11:20:33,514 [INFO] PluginManager:200 - loadIPPluginJar : add usart
2020-03-05 11:20:40,287 [INFO] BoardConnectionPanel:3472 - [DDR PANEL] STM32CubeIDE environment
2020-03-05 11:20:40,289 [INFO] MainDdrPanel:103 - [DDR PANEL] GETTER - cubeProgrammerPath is: null
2020-03-05 11:20:41,036 [FATAL] Updater:277 - Updater called before beeing initialized
2020-03-05 11:20:41,048 [ERROR] IntegrityCheckThread:252 - Cannot obtain thirdParties list 21
2020-03-05 11:20:41,068 [ERROR] IntegrityCheckThread:100 - Unexpected exception IntegrityCheckThread Thread: Updater error
2020-03-05 11:20:41,075 [INFO] ThirdPartyDb:261 - Close Third Party DataBase File (C:/Users/Brandon/.stm32cubemx/plugins/thirdparty/db/thirdparties_db.xml)
2020-03-05 11:20:41,113 [FATAL] Updater:277 - Updater called before beeing initialized
2020-03-05 11:20:42,263 [FATAL] Updater:277 - Updater called before beeing initialized
2020-03-05 11:20:42,288 [INFO] PinOutPanel:1420 - setPackage(No Configuration,No Configuration)
2020-03-05 11:20:42,293 [FATAL] Updater:277 - Updater called before beeing initialized
2020-03-05 11:20:42,309 [INFO] BoardConnectionPanel:3472 - [DDR PANEL] STM32CubeIDE environment
2020-03-05 11:20:42,318 [INFO] MainDdrPanel:103 - [DDR PANEL] GETTER - cubeProgrammerPath is: C:\ST\STM32CubeIDE_1.3.0\STM32CubeIDE\plugins\com.st.stm32cube.ide.mcu.externaltools.cubeprogrammer.win32_1.3.0.202002181050\tools\bin
2020-03-05 11:20:42,341 [INFO] ProgrammerExecThread:148 - [ProgrammerAPI] CubeProgrammer command construction: C:\ST\STM32CubeIDE_1.3.0\STM32CubeIDE\plugins\com.st.stm32cube.ide.mcu.externaltools.cubeprogrammer.win32_1.3.0.202002181050\tools\bin\STM32_Programmer_CLI.exe -l
2020-03-05 11:20:43,368 [INFO] MainDdrPanel:93 - [DDR PANEL] SETTER - Set cubeProgrammerPath to: C:\ST\STM32CubeIDE_1.3.0\STM32CubeIDE\plugins\com.st.stm32cube.ide.mcu.externaltools.cubeprogrammer.win32_1.3.0.202002181050\tools\bin
2020-03-05 11:20:43,430 [INFO] Updater:886 - Updater Version found : 5.6.0
2020-03-05 11:20:43,482 [INFO] ApplicationProperties:181 - Using Application install path: C:\ST\STM32CubeIDE_1.3.0\STM32CubeIDE\plugins\com.st.stm32cube.common.mx_5.6.0.202002181639
2020-03-05 11:20:43,951 [INFO] MainUpdater:2230 - connection check result : 10
2020-03-05 11:20:43,952 [INFO] MainUpdater:236 - Updater Check For Update Now.
2020-03-05 11:20:43,953 [INFO] MicroXplorer:420 - Change Database Version : DB.5.0.60
2020-03-05 11:20:44,110 [INFO] CheckServerUpdateThread:92 - End of CheckServer Thread
2020-03-05 11:20:44,220 [INFO] MainUpdater:2230 - connection check result : 10
2020-03-05 11:20:44,221 [INFO] LogOutputStream:76 - [STDOUT_REDIRECT] Successfull proxy connection.
2020-03-05 11:20:45,063 [INFO] McuFinderGlobals:40 - Set McuFinder mode to 2 (CubeIDE integrated)
2020-03-05 11:20:45,160 [INFO] FinderPluginLoader:86 - Searching for filters in installed packs
2020-03-05 11:20:45,174 [INFO] DbMcusXml:110 - Load MCU database from C:\ST\STM32CubeIDE_1.3.0\STM32CubeIDE\plugins\com.st.stm32cube.common.mx_5.6.0.202002181639\\db\/mcu/families.xml
2020-03-05 11:20:48,080 [INFO] DbMcusJson:90 - JSON generation date=Wed Feb 26 03:53:47 EST 2020 (1582707227)
2020-03-05 11:20:50,483 [INFO] DbMcus:171 - Found 1670 MCUs (1625 are supported by CubeMX, 1625 are visible in CubeMX)
2020-03-05 11:20:50,497 [INFO] ApiDb:158 - Load user favorites file C:\Users\Brandon/.stm32cubeide/favorites.mcus.txt: 0 item(s)
2020-03-05 11:20:50,502 [INFO] ApiDb:163 - User favorites MCUs=[]
2020-03-05 11:20:50,503 [INFO] DbMcus:183 - Set 0 / 0 favorites MCUs
2020-03-05 11:20:52,532 [INFO] DbMcusAds:143 - JSON generation date=Wed Feb 26 04:53:47 EST 2020 (1582710827)
2020-03-05 11:20:52,547 [INFO] LoadUrlFilesThread:161 - End of LoadServerUrlFiles without Thread
2020-03-05 11:20:52,721 [INFO] McuDetailPanel:181 - Set advertising image to C:/Users/Brandon/STM32Cube/Repository/\ST13661_PRSTM32MP10219-01.jpg
2020-03-05 11:20:54,961 [INFO] McuFilterPanel:249 - Update 0 favorites MCUs
2020-03-05 11:20:55,395 [INFO] DbBoardsPdsc:92 - Found 22 items
2020-03-05 11:20:55,421 [INFO] DbBoardsPdsc:92 - Found 9 items
2020-03-05 11:20:55,444 [INFO] DbBoardsPdsc:92 - Found 28 items
2020-03-05 11:20:55,477 [INFO] DbBoardsPdsc:92 - Found 1 items
2020-03-05 11:20:55,506 [INFO] DbBoardsPdsc:92 - Found 40 items
2020-03-05 11:20:55,535 [INFO] DbBoardsPdsc:92 - Found 39 items
2020-03-05 11:20:55,559 [INFO] DbBoardsPdsc:92 - Found 2 items
2020-03-05 11:20:55,582 [INFO] DbBoardsPdsc:92 - Found 4 items
2020-03-05 11:20:55,597 [WARN] DbBoardsPdsc:256 - Board STM32H7B3I-DK: unknown feature type=Audio, name=, username=Audio stereo codec with Headphone Amp (CS42L51-CNZ), n=1
2020-03-05 11:20:55,598 [WARN] DbBoardsPdsc:256 - Board STM32H7B3I-DK: unknown feature type=WIFI, name=, username=WIFI 802.11 b/g/n, n=1
2020-03-05 11:20:55,623 [WARN] DbBoardsPdsc:256 - Board STM32H7B3I-EVAL: unknown feature type=Audio, name=, username=Multi-Channel Audio Codec (CS42L51-CNZ), n=1
2020-03-05 11:20:55,624 [WARN] DbBoardsPdsc:256 - Board STM32H7B3I-EVAL: unknown feature type=Meter, name=, username=Power-metering and Temperature-monitoring with sigma-delta modulators, n=1
2020-03-05 11:20:55,624 [WARN] DbBoardsPdsc:256 - Board STM32H7B3I-EVAL: unknown feature type=WIFI, name=, username=WIFI 802.11 a/b/g/n, n=1
2020-03-05 11:20:55,625 [WARN] DbBoardsPdsc:256 - Board STM32H7B3I-EVAL: unknown feature type=Motor, name=, username=Motor Control, n=1
2020-03-05 11:20:55,710 [INFO] DbBoardsJson:80 - JSON generation date=Tue Feb 11 08:53:55 EST 2020 (1581429235)
2020-03-05 11:20:55,728 [INFO] DbBoards:120 - Found 145 boards (142 are supported by CubeMX)
2020-03-05 11:20:55,792 [INFO] DbBoardsDocs:131 - JSON generation date=Wed Feb 26 03:53:47 EST 2020 (1582707227)
2020-03-05 11:20:55,820 [INFO] DbBoardsDocs:70 - Found 173 boards documents
2020-03-05 11:20:55,822 [WARN] DbBoards:130 - board NUCLEO-H743ZI2 has no document id list !
2020-03-05 11:20:55,824 [WARN] DbBoards:130 - board NUCLEO-L4P5ZG has no document id list !
2020-03-05 11:20:55,826 [WARN] DbBoards:130 - board P-NUCLEO-WB55-Nucleo has no document id list !
2020-03-05 11:20:55,827 [WARN] DbBoards:130 - board P-NUCLEO-WB55-USBDongle has no document id list !
2020-03-05 11:20:55,835 [WARN] DbBoards:130 - board NUCLEO-WB35CE has no document id list !
2020-03-05 11:20:55,837 [WARN] DbBoards:130 - board STM32F401C-DISCO has no document id list !
2020-03-05 11:20:55,838 [WARN] DbBoards:130 - board STM32F769I-DISC1 has no document id list !
2020-03-05 11:20:55,839 [WARN] DbBoards:130 - board STM32L-DISCOVERY has no document id list !
2020-03-05 11:20:55,840 [WARN] DbBoards:130 - board STM32H747I-DISC1 has no document id list !
2020-03-05 11:20:55,841 [WARN] DbBoards:130 - board STM32MP157A-DK1 has no document id list !
2020-03-05 11:20:55,841 [WARN] DbBoards:130 - board STM32L4P5G-DK has no document id list !
2020-03-05 11:20:55,842 [WARN] DbBoards:130 - board STM32100E-EVAL has no document id list !
2020-03-05 11:20:55,842 [WARN] DbBoards:130 - board STM32303C-EVAL has no document id list !
2020-03-05 11:20:55,845 [WARN] DbBoards:130 - board STM32L152D-EVAL has no document id list !
2020-03-05 11:20:55,845 [WARN] DbBoards:130 - board STM32H743I-EVAL2 has no document id list !
2020-03-05 11:20:55,847 [WARN] DbBoards:130 - board STM32H753I-EVAL2 has no document id list !
2020-03-05 11:20:55,848 [WARN] DbBoards:130 - board STM32G474E-EVAL1 has no document id list !
2020-03-05 11:20:55,848 [WARN] DbBoards:130 - board STEVAL-BFA001V1B has no document id list !
2020-03-05 11:20:55,849 [WARN] DbBoards:130 - board STEVAL-BFA001V2B has no document id list !
2020-03-05 11:20:55,865 [WARN] DbBoards:130 - board STEVAL-MKSBOX1V1 has no document id list !
2020-03-05 11:20:55,866 [WARN] DbBoards:130 - board STEVAL-STWINKT1 has no document id list !
2020-03-05 11:20:55,868 [WARN] DbBoards:130 - board STEVAL-IDP005V1 has no document id list !
2020-03-05 11:20:55,868 [WARN] DbBoards:130 - board STEVAL-IDP005V2 has no document id list !
2020-03-05 11:20:59,544 [INFO] ApiDb:158 - Load user favorites file C:\Users\Brandon/.stm32cubeide/favorites.boards.txt: 0 item(s)
2020-03-05 11:20:59,545 [INFO] ApiDb:163 - User favorites Boards=[]
2020-03-05 11:20:59,546 [INFO] DbBoards:209 - Set 0 / 0 favorites Boards
2020-03-05 11:20:59,817 [INFO] LoadUrlFilesThread:161 - End of LoadServerUrlFiles without Thread
2020-03-05 11:20:59,824 [INFO] BoardDetailPanel:180 - Set advertising image to C:/Users/Brandon/STM32Cube/Repository/\ST13661_PRSTM32MP10219-01.jpg
2020-03-05 11:20:59,892 [INFO] BoardFilterPanel:211 - Update 0 favorites Boards
2020-03-05 11:21:00,810 [INFO] CrossSelectorPresenter:1319 - Cross Selector saved comparison directory: C:\Users\Brandon\.stmcufinder\plugins\mcufinder\mcu\cs_comparisons_mx
2020-03-05 11:21:41,218 [INFO] MainUpdater:2230 - connection check result : 10
2020-03-05 11:21:41,410 [INFO] MicroXplorer:390 - Change Database Path : 
2020-03-05 11:21:41,415 [INFO] MicroXplorer:420 - Change Database Version : DB.5.0.60
2020-03-05 11:21:41,422 [INFO] PinOutPanel:1420 - setPackage(No Configuration,No Configuration)
2020-03-05 11:21:41,424 [INFO] UtilMem:74 - Begin LoadConfig() Used Memory: 537300216 Bytes (767557632)
2020-03-05 11:21:41,577 [INFO] MicroXplorer:390 - Change Database Path : 
2020-03-05 11:21:41,577 [INFO] MicroXplorer:420 - Change Database Version : DB.5.0.60
2020-03-05 11:21:41,585 [INFO] OpenFileManager:274 - Change cursor
2020-03-05 11:21:51,500 [INFO] ImportTextPane:162 - (OptionalMessage_ERROR) IP (RCC) : Parameter (48MHZClocksFreq_Value) has invalid value (112000000)
2020-03-05 11:21:51,501 [INFO] ImportTextPane:162 - (OptionalMessage_ERROR) IP (RCC) : Invalid parameter (FamilyName)
2020-03-05 11:21:51,505 [INFO] ImportTextPane:162 - (OptionalMessage_ERROR) IP (RCC) : Parameter (MCO2PinFreq_Value) has invalid value (168000000)
2020-03-05 11:21:51,509 [INFO] ImportTextPane:162 - (OptionalMessage_ERROR) IP (RCC) : Parameter (RTCHSEDivFreq_Value) has invalid value (4000000)
2020-03-05 11:21:53,457 [INFO] UtilMem:74 - End LoadConfig() Used Memory: 603947824 Bytes (767557632)
2020-03-05 11:21:53,501 [INFO] ThirdPartyDb:295 - Open Third Party DataBase File (C:/Users/Brandon/.stm32cubemx/plugins/thirdparty/db/thirdparties_db.xml) : 14 ms. number of Sw pack : 11
2020-03-05 11:21:53,624 [INFO] DependencyParser:785 - This component is not compatible with the current MCU : [1582585223071]
2020-03-05 11:21:53,625 [INFO] ThirdPartyModel:521 - Component with status : MCU_INCOMPATIBLE for condition : OS Tick GTIM id : 1582585222398
2020-03-05 11:21:53,626 [INFO] DependencyParser:785 - This component is not compatible with the current MCU : [1582585225647, 1582585223154]
2020-03-05 11:21:53,735 [INFO] ThirdParty:899 - CMSIS Pack Vendor :STMicroelectronics X-CUBE-BLE1 5.0.0
2020-03-05 11:21:53,735 [INFO] ThirdParty:899 - CMSIS Pack Vendor :STMicroelectronics X-CUBE-SUBG2 1.1.0
2020-03-05 11:21:53,736 [INFO] ThirdParty:899 - CMSIS Pack Vendor :STMicroelectronics X-CUBE-GNSS1 4.1.0
2020-03-05 11:21:53,737 [INFO] ThirdParty:899 - CMSIS Pack Vendor :STMicroelectronics X-CUBE-MEMS1 7.0.0
2020-03-05 11:21:53,738 [INFO] ThirdParty:899 - CMSIS Pack Vendor :ARM CMSIS 5.6.0
2020-03-05 11:21:53,745 [INFO] ThirdParty:899 - CMSIS Pack Vendor :STMicroelectronics X-CUBE-NFC4 1.5.1
2020-03-05 11:21:53,746 [INFO] ThirdParty:899 - CMSIS Pack Vendor :STMicroelectronics X-CUBE-TOUCHGFX 4.13.0
2020-03-05 11:21:53,747 [INFO] ThirdParty:899 - CMSIS Pack Vendor :STMicroelectronics FreeRTOS 0.0.1
2020-03-05 11:21:53,749 [INFO] ThirdParty:899 - CMSIS Pack Vendor :STMicroelectronics X-CUBE-ALGOBUILD 1.0.0
2020-03-05 11:21:53,750 [INFO] ThirdParty:899 - CMSIS Pack Vendor :STMicroelectronics X-CUBE-AI 5.0.0
2020-03-05 11:21:53,750 [INFO] ThirdParty:899 - CMSIS Pack Vendor :STMicroelectronics X-CUBE-BLE2 1.0.0
2020-03-05 11:21:55,122 [INFO] PinOutPanel:1420 - setPackage(No Configuration,No Configuration)
2020-03-05 11:21:55,125 [INFO] PinOutPanel:1420 - setPackage(STM32F429ZITx,LQFP144)
2020-03-05 11:21:56,433 [INFO] UtilMem:74 - Before build in PCC Used Memory: 450133008 Bytes (767557632)
2020-03-05 11:21:57,639 [INFO] SharedServices:71 - Folder for power plug-in: C:/Users/Brandon/.stm32cubemx/plugins/power
2020-03-05 11:21:57,758 [INFO] SharedServices:71 - Folder for power plug-in: C:/Users/Brandon/.stm32cubemx/plugins/power
2020-03-05 11:21:57,896 [INFO] SharedServices:71 - Folder for power plug-in: C:/Users/Brandon/.stm32cubemx/plugins/power
2020-03-05 11:21:57,922 [INFO] SharedServices:71 - Folder for power plug-in: C:/Users/Brandon/.stm32cubemx/plugins/power
2020-03-05 11:21:58,450 [INFO] UtilMem:74 - After build in PCC Used Memory: 512521240 Bytes (767557632)
2020-03-05 11:21:58,497 [INFO] IPUIPlugin:65 - create IPUIPlugin
2020-03-05 11:21:58,498 [INFO] IPUIPlugin:65 - create IPUIPlugin
2020-03-05 11:21:58,501 [INFO] IPUIPlugin:65 - create IPUIPlugin
2020-03-05 11:21:58,502 [INFO] IPUIPlugin:65 - create IPUIPlugin
2020-03-05 11:21:58,502 [INFO] IPUIPlugin:65 - create IPUIPlugin
2020-03-05 11:21:58,503 [INFO] IPUIPlugin:65 - create IPUIPlugin
2020-03-05 11:21:58,504 [INFO] IPUIPlugin:65 - create IPUIPlugin
2020-03-05 11:21:58,504 [INFO] IPUIPlugin:65 - create IPUIPlugin
2020-03-05 11:21:58,504 [INFO] IPUIPlugin:65 - create IPUIPlugin
2020-03-05 11:21:58,505 [INFO] IPUIPlugin:65 - create IPUIPlugin
2020-03-05 11:21:58,506 [INFO] IPUIPlugin:65 - create IPUIPlugin
2020-03-05 11:21:58,506 [INFO] IPUIPlugin:65 - create IPUIPlugin
2020-03-05 11:21:58,507 [INFO] IPUIPlugin:65 - create IPUIPlugin
2020-03-05 11:21:58,507 [INFO] IPUIPlugin:65 - create IPUIPlugin
2020-03-05 11:21:58,508 [INFO] IPUIPlugin:65 - create IPUIPlugin
2020-03-05 11:21:58,510 [INFO] IPUIPlugin:65 - create IPUIPlugin
2020-03-05 11:21:58,511 [INFO] IPUIPlugin:65 - create IPUIPlugin
2020-03-05 11:21:58,512 [INFO] IPUIPlugin:65 - create IPUIPlugin
2020-03-05 11:21:58,512 [INFO] IPUIPlugin:65 - create IPUIPlugin
2020-03-05 11:21:58,513 [INFO] IPUIPlugin:65 - create IPUIPlugin
2020-03-05 11:21:58,513 [INFO] IPUIPlugin:65 - create IPUIPlugin
2020-03-05 11:21:58,514 [INFO] IPUIPlugin:65 - create IPUIPlugin
2020-03-05 11:21:58,515 [INFO] IPUIPlugin:65 - create IPUIPlugin
2020-03-05 11:21:58,516 [INFO] IPUIPlugin:65 - create IPUIPlugin
2020-03-05 11:21:58,516 [INFO] IPUIPlugin:65 - create IPUIPlugin
2020-03-05 11:21:58,517 [INFO] IPUIPlugin:65 - create IPUIPlugin
2020-03-05 11:21:58,517 [INFO] IPUIPlugin:65 - create IPUIPlugin
2020-03-05 11:21:58,518 [INFO] IPUIPlugin:65 - create IPUIPlugin
2020-03-05 11:21:58,518 [INFO] IPUIPlugin:65 - create IPUIPlugin
2020-03-05 11:21:58,519 [INFO] IPUIPlugin:65 - create IPUIPlugin
2020-03-05 11:21:58,519 [INFO] IPUIPlugin:65 - create IPUIPlugin
2020-03-05 11:21:58,519 [INFO] IPUIPlugin:65 - create IPUIPlugin
2020-03-05 11:21:58,520 [INFO] IPUIPlugin:65 - create IPUIPlugin
2020-03-05 11:21:58,522 [INFO] IPUIPlugin:65 - create IPUIPlugin
2020-03-05 11:21:58,522 [INFO] IPUIPlugin:65 - create IPUIPlugin
2020-03-05 11:21:58,523 [INFO] IPUIPlugin:65 - create IPUIPlugin
2020-03-05 11:21:58,524 [INFO] IPUIPlugin:65 - create IPUIPlugin
2020-03-05 11:21:58,524 [INFO] IPUIPlugin:65 - create IPUIPlugin
2020-03-05 11:21:58,525 [INFO] IPUIPlugin:65 - create IPUIPlugin
2020-03-05 11:21:58,525 [INFO] IPUIPlugin:65 - create IPUIPlugin
2020-03-05 11:21:58,526 [INFO] IPUIPlugin:65 - create IPUIPlugin
2020-03-05 11:21:58,526 [INFO] IPUIPlugin:65 - create IPUIPlugin
2020-03-05 11:21:58,527 [INFO] IPUIPlugin:65 - create IPUIPlugin
2020-03-05 11:21:58,527 [INFO] IPUIPlugin:65 - create IPUIPlugin
2020-03-05 11:21:58,528 [INFO] IPUIPlugin:65 - create IPUIPlugin
2020-03-05 11:21:58,528 [INFO] IPUIPlugin:65 - create IPUIPlugin
2020-03-05 11:21:58,528 [INFO] IPUIPlugin:65 - create IPUIPlugin
2020-03-05 11:21:58,529 [INFO] IPUIPlugin:65 - create IPUIPlugin
2020-03-05 11:21:58,529 [INFO] IPUIPlugin:65 - create IPUIPlugin
2020-03-05 11:21:58,530 [INFO] IPUIPlugin:65 - create IPUIPlugin
2020-03-05 11:21:58,530 [INFO] IPUIPlugin:65 - create IPUIPlugin
2020-03-05 11:21:58,531 [INFO] IPUIPlugin:65 - create IPUIPlugin
2020-03-05 11:21:58,531 [INFO] IPUIPlugin:65 - create IPUIPlugin
2020-03-05 11:21:58,532 [INFO] IPUIPlugin:65 - create IPUIPlugin
2020-03-05 11:21:58,532 [INFO] IPUIPlugin:65 - create IPUIPlugin
2020-03-05 11:21:58,533 [INFO] IPUIPlugin:65 - create IPUIPlugin
2020-03-05 11:21:58,533 [INFO] IPUIPlugin:65 - create IPUIPlugin
2020-03-05 11:21:58,534 [INFO] IPUIPlugin:65 - create IPUIPlugin
2020-03-05 11:21:58,534 [INFO] IPUIPlugin:65 - create IPUIPlugin
2020-03-05 11:21:58,534 [INFO] IPUIPlugin:65 - create IPUIPlugin
2020-03-05 11:21:58,535 [INFO] IPUIPlugin:65 - create IPUIPlugin
2020-03-05 11:21:58,536 [INFO] IPUIPlugin:65 - create IPUIPlugin
2020-03-05 11:21:58,538 [INFO] IPUIPlugin:65 - create IPUIPlugin
2020-03-05 11:21:58,539 [INFO] IPUIPlugin:65 - create IPUIPlugin
2020-03-05 11:21:58,539 [INFO] IPUIPlugin:65 - create IPUIPlugin
2020-03-05 11:21:58,540 [INFO] IPUIPlugin:65 - create IPUIPlugin
2020-03-05 11:21:58,634 [INFO] LogOutputStream:76 - [STDOUT_REDIRECT] toolchainItems.length=====1
2020-03-05 11:21:58,930 [INFO] OpenFileManager:294 - Restore cursor
2020-03-05 11:21:59,907 [INFO] UtilMem:74 - End SaveConfig() Used Memory: 575435800 Bytes (767557632)
2020-03-05 11:22:00,714 [INFO] UtilMem:74 - End SaveConfig() Used Memory: 581727256 Bytes (767557632)
2020-03-05 11:22:01,941 [INFO] BlockDiagram:2671 - set Specific Code input for plugin: SYS
2020-03-05 11:22:01,942 [INFO] BlockDiagram:2671 - set Specific Code input for plugin: RCC
2020-03-05 11:22:01,943 [INFO] BlockDiagram:2671 - set Specific Code input for plugin: NVIC
2020-03-05 11:22:01,944 [INFO] BlockDiagram:2671 - set Specific Code input for plugin: USART
2020-03-05 11:22:01,945 [INFO] BlockDiagram:2671 - set Specific Code input for plugin: GPIO
2020-03-05 11:22:01,951 [INFO] CodeGenerator:603 - code generatio: config db path: C:\ST\STM32CubeIDE_1.3.0\STM32CubeIDE\plugins\com.st.stm32cube.common.mx_5.6.0.202002181639\\db\
2020-03-05 11:22:04,092 [INFO] CodeEngine:188 - oldGeneratedFile, \\MAC\Home\Desktop\MQP\red_legs20\firmware\ahrs\AHRS_USART\AHRS_USART\MXTmpFiles\license.tmp_save
2020-03-05 11:22:05,043 [INFO] CodeEngine:206 - Generated code: \\MAC\Home\Desktop\MQP\red_legs20\firmware\ahrs\AHRS_USART\AHRS_USART\MXTmpFiles\license.tmp
2020-03-05 11:22:05,511 [INFO] CodeEngine:188 - oldGeneratedFile, \\MAC\Home\Desktop\MQP\red_legs20\firmware\ahrs\AHRS_USART\AHRS_USART\MXTmpFiles\gpio.tmp_save
2020-03-05 11:22:05,889 [INFO] CodeEngine:206 - Generated code: \\MAC\Home\Desktop\MQP\red_legs20\firmware\ahrs\AHRS_USART\AHRS_USART\MXTmpFiles\gpio.tmp
2020-03-05 11:22:06,145 [INFO] LogOutputStream:76 - [STDOUT_REDIRECT] Command line
2020-03-05 11:22:06,147 [INFO] LogOutputStream:76 - [STDOUT_REDIRECT] Debug : prepare data for USART
2020-03-05 11:22:06,148 [INFO] LogOutputStream:76 - [STDOUT_REDIRECT] Command line test
2020-03-05 11:22:06,151 [INFO] LogOutputStream:76 - [STDOUT_REDIRECT] Debug : prepare data for NVIC
2020-03-05 11:22:06,154 [INFO] LogOutputStream:76 - [STDOUT_REDIRECT] Command line test
2020-03-05 11:22:06,194 [INFO] CodeEngine:188 - oldGeneratedFile, \\MAC\Home\Desktop\MQP\red_legs20\firmware\ahrs\AHRS_USART\AHRS_USART\Core\Src\stm32f4xx_it.c_save
2020-03-05 11:22:06,536 [INFO] CodeEngine:206 - Generated code: \\MAC\Home\Desktop\MQP\red_legs20\firmware\ahrs\AHRS_USART\AHRS_USART\Core\Src\stm32f4xx_it.c
2020-03-05 11:22:06,571 [INFO] CodeEngine:188 - oldGeneratedFile, \\MAC\Home\Desktop\MQP\red_legs20\firmware\ahrs\AHRS_USART\AHRS_USART\Core\Inc\stm32f4xx_it.h_save
2020-03-05 11:22:06,771 [INFO] CodeEngine:206 - Generated code: \\MAC\Home\Desktop\MQP\red_legs20\firmware\ahrs\AHRS_USART\AHRS_USART\Core\Inc\stm32f4xx_it.h
2020-03-05 11:22:06,824 [INFO] CodeEngine:188 - oldGeneratedFile, \\MAC\Home\Desktop\MQP\red_legs20\firmware\ahrs\AHRS_USART\AHRS_USART\Core\Src\stm32f4xx_hal_msp.c_save
2020-03-05 11:22:07,136 [INFO] CodeEngine:206 - Generated code: \\MAC\Home\Desktop\MQP\red_legs20\firmware\ahrs\AHRS_USART\AHRS_USART\Core\Src\stm32f4xx_hal_msp.c
2020-03-05 11:22:07,169 [INFO] CodeEngine:188 - oldGeneratedFile, \\MAC\Home\Desktop\MQP\red_legs20\firmware\ahrs\AHRS_USART\AHRS_USART\MXTmpFiles\system.tmp_save
2020-03-05 11:22:07,337 [INFO] CodeEngine:206 - Generated code: \\MAC\Home\Desktop\MQP\red_legs20\firmware\ahrs\AHRS_USART\AHRS_USART\MXTmpFiles\system.tmp
2020-03-05 11:22:07,389 [INFO] CodeEngine:188 - oldGeneratedFile, \\MAC\Home\Desktop\MQP\red_legs20\firmware\ahrs\AHRS_USART\AHRS_USART\Core\Inc\stm32f4xx_hal_conf.h_save
2020-03-05 11:22:07,675 [INFO] CodeEngine:206 - Generated code: \\MAC\Home\Desktop\MQP\red_legs20\firmware\ahrs\AHRS_USART\AHRS_USART\Core\Inc\stm32f4xx_hal_conf.h
2020-03-05 11:22:07,751 [WARN] IPConfigManager:2701 - IP not found : gpio
2020-03-05 11:22:07,762 [WARN] CodeGenerator:2649 - IP not found : gpio
2020-03-05 11:22:07,805 [INFO] CodeEngine:188 - oldGeneratedFile, \\MAC\Home\Desktop\MQP\red_legs20\firmware\ahrs\AHRS_USART\AHRS_USART\Core\Inc\main.h_save
2020-03-05 11:22:08,146 [INFO] CodeEngine:206 - Generated code: \\MAC\Home\Desktop\MQP\red_legs20\firmware\ahrs\AHRS_USART\AHRS_USART\Core\Inc\main.h
2020-03-05 11:22:08,198 [INFO] CodeEngine:188 - oldGeneratedFile, \\MAC\Home\Desktop\MQP\red_legs20\firmware\ahrs\AHRS_USART\AHRS_USART\Core\Src\main.c_save
2020-03-05 11:22:08,531 [INFO] CodeEngine:206 - Generated code: \\MAC\Home\Desktop\MQP\red_legs20\firmware\ahrs\AHRS_USART\AHRS_USART\Core\Src\main.c
2020-03-05 11:22:11,953 [INFO] ProjectBuilder:2002 - Time for Copy HAL[1] : 1350mS.
2020-03-05 11:22:11,978 [INFO] ProjectBuilder:2727 - Project Generator version: 3.7.1
2020-03-05 11:22:13,277 [INFO] ConfigFileManager:1066 - The Die is : DIE419
2020-03-05 11:23:00,564 [INFO] ProjectBuilder:2894 - Time for Generating toolchain IDE Files: 48585mS.
2020-03-05 11:23:00,574 [INFO] ProjectBuilder:1878 - Time for Copy CMSIS : 9mS.
2020-03-05 11:23:00,605 [INFO] ProjectBuilder:1878 - Time for Copy CMSIS : 1mS.
2020-03-05 11:46:06,978 [INFO] UtilMem:74 - End SaveConfig() Used Memory: 607458912 Bytes (918552576)
2020-03-05 11:46:08,448 [INFO] BlockDiagram:2671 - set Specific Code input for plugin: SYS
2020-03-05 11:46:08,449 [INFO] BlockDiagram:2671 - set Specific Code input for plugin: RCC
2020-03-05 11:46:08,450 [INFO] BlockDiagram:2671 - set Specific Code input for plugin: NVIC
2020-03-05 11:46:08,450 [INFO] BlockDiagram:2671 - set Specific Code input for plugin: USART
2020-03-05 11:46:08,451 [INFO] BlockDiagram:2671 - set Specific Code input for plugin: GPIO
2020-03-05 11:46:08,459 [INFO] CodeGenerator:603 - code generatio: config db path: C:\ST\STM32CubeIDE_1.3.0\STM32CubeIDE\plugins\com.st.stm32cube.common.mx_5.6.0.202002181639\\db\
2020-03-05 11:46:09,201 [INFO] CodeEngine:188 - oldGeneratedFile, \\MAC\Home\Desktop\MQP\red_legs20\firmware\ahrs\AHRS_USART\AHRS_USART\MXTmpFiles\license.tmp_save
2020-03-05 11:46:09,580 [INFO] CodeEngine:206 - Generated code: \\MAC\Home\Desktop\MQP\red_legs20\firmware\ahrs\AHRS_USART\AHRS_USART\MXTmpFiles\license.tmp
2020-03-05 11:46:09,710 [INFO] CodeEngine:188 - oldGeneratedFile, \\MAC\Home\Desktop\MQP\red_legs20\firmware\ahrs\AHRS_USART\AHRS_USART\MXTmpFiles\gpio.tmp_save
2020-03-05 11:46:09,937 [INFO] CodeEngine:206 - Generated code: \\MAC\Home\Desktop\MQP\red_legs20\firmware\ahrs\AHRS_USART\AHRS_USART\MXTmpFiles\gpio.tmp
2020-03-05 11:46:10,004 [INFO] LogOutputStream:76 - [STDOUT_REDIRECT] Command line
2020-03-05 11:46:10,007 [INFO] LogOutputStream:76 - [STDOUT_REDIRECT] Debug : prepare data for USART
2020-03-05 11:46:10,008 [INFO] LogOutputStream:76 - [STDOUT_REDIRECT] Command line test
2020-03-05 11:46:10,018 [INFO] LogOutputStream:76 - [STDOUT_REDIRECT] Debug : prepare data for NVIC
2020-03-05 11:46:10,021 [INFO] LogOutputStream:76 - [STDOUT_REDIRECT] Command line test
2020-03-05 11:46:10,111 [INFO] CodeEngine:188 - oldGeneratedFile, \\MAC\Home\Desktop\MQP\red_legs20\firmware\ahrs\AHRS_USART\AHRS_USART\Core\Src\stm32f4xx_it.c_save
2020-03-05 11:46:11,011 [INFO] CodeEngine:206 - Generated code: \\MAC\Home\Desktop\MQP\red_legs20\firmware\ahrs\AHRS_USART\AHRS_USART\Core\Src\stm32f4xx_it.c
2020-03-05 11:46:11,076 [INFO] CodeEngine:188 - oldGeneratedFile, \\MAC\Home\Desktop\MQP\red_legs20\firmware\ahrs\AHRS_USART\AHRS_USART\Core\Inc\stm32f4xx_it.h_save
2020-03-05 11:46:11,464 [INFO] CodeEngine:206 - Generated code: \\MAC\Home\Desktop\MQP\red_legs20\firmware\ahrs\AHRS_USART\AHRS_USART\Core\Inc\stm32f4xx_it.h
2020-03-05 11:46:11,569 [INFO] CodeEngine:188 - oldGeneratedFile, \\MAC\Home\Desktop\MQP\red_legs20\firmware\ahrs\AHRS_USART\AHRS_USART\Core\Src\stm32f4xx_hal_msp.c_save
2020-03-05 11:46:12,449 [INFO] CodeEngine:206 - Generated code: \\MAC\Home\Desktop\MQP\red_legs20\firmware\ahrs\AHRS_USART\AHRS_USART\Core\Src\stm32f4xx_hal_msp.c
2020-03-05 11:46:12,505 [INFO] CodeEngine:188 - oldGeneratedFile, \\MAC\Home\Desktop\MQP\red_legs20\firmware\ahrs\AHRS_USART\AHRS_USART\MXTmpFiles\system.tmp_save
2020-03-05 11:46:12,722 [INFO] CodeEngine:206 - Generated code: \\MAC\Home\Desktop\MQP\red_legs20\firmware\ahrs\AHRS_USART\AHRS_USART\MXTmpFiles\system.tmp
2020-03-05 11:46:12,804 [INFO] CodeEngine:188 - oldGeneratedFile, \\MAC\Home\Desktop\MQP\red_legs20\firmware\ahrs\AHRS_USART\AHRS_USART\Core\Inc\stm32f4xx_hal_conf.h_save
2020-03-05 11:46:13,163 [INFO] CodeEngine:206 - Generated code: \\MAC\Home\Desktop\MQP\red_legs20\firmware\ahrs\AHRS_USART\AHRS_USART\Core\Inc\stm32f4xx_hal_conf.h
2020-03-05 11:46:13,288 [WARN] IPConfigManager:2701 - IP not found : gpio
2020-03-05 11:46:13,290 [WARN] CodeGenerator:2649 - IP not found : gpio
2020-03-05 11:46:13,433 [INFO] CodeEngine:188 - oldGeneratedFile, \\MAC\Home\Desktop\MQP\red_legs20\firmware\ahrs\AHRS_USART\AHRS_USART\Core\Inc\main.h_save
2020-03-05 11:46:14,749 [INFO] CodeEngine:206 - Generated code: \\MAC\Home\Desktop\MQP\red_legs20\firmware\ahrs\AHRS_USART\AHRS_USART\Core\Inc\main.h
2020-03-05 11:46:15,013 [INFO] CodeEngine:188 - oldGeneratedFile, \\MAC\Home\Desktop\MQP\red_legs20\firmware\ahrs\AHRS_USART\AHRS_USART\Core\Src\main.c_save
2020-03-05 11:46:16,287 [INFO] CodeEngine:206 - Generated code: \\MAC\Home\Desktop\MQP\red_legs20\firmware\ahrs\AHRS_USART\AHRS_USART\Core\Src\main.c
2020-03-05 11:46:22,726 [INFO] ProjectBuilder:2002 - Time for Copy HAL[1] : 3048mS.
2020-03-05 11:46:22,745 [INFO] ProjectBuilder:2727 - Project Generator version: 3.7.1
2020-03-05 11:46:24,046 [INFO] ConfigFileManager:1066 - The Die is : DIE419
2020-03-05 11:46:58,101 [INFO] ProjectBuilder:2894 - Time for Generating toolchain IDE Files: 35356mS.
2020-03-05 11:46:58,117 [INFO] ProjectBuilder:1878 - Time for Copy CMSIS : 13mS.
2020-03-05 11:46:58,153 [INFO] ProjectBuilder:1878 - Time for Copy CMSIS : 0mS.
